<?xml version="1.0" encoding="UTF-8"?>
<robot generator="Robot 7.1 (Python 3.12.5 on win32)" generated="2024-09-28T12:36:21.023704" rpa="false" schemaversion="5">
<suite id="s1" name="Csp Regression" source="C:\Users\Hp\OneDrive\Desktop\CSP_AUTOMATION\test_suite\csp_regression.robot">
<kw name="Suite Setup Section" owner="csp_keywords" type="SETUP">
<kw name="Open Browser" owner="SeleniumLibrary">
<msg time="2024-09-28T12:36:21.471758" level="INFO">Opening browser 'chrome' to base url 'https://practice-automation.com/slider/'.</msg>
<arg>${slider_url}</arg>
<arg>${browser_type}</arg>
<doc>Opens a new browser instance to the optional ``url``.</doc>
<status status="PASS" start="2024-09-28T12:36:21.471758" elapsed="4.030453"/>
</kw>
<kw name="Maximize Browser Window" owner="SeleniumLibrary">
<doc>Maximizes current browser window.</doc>
<status status="PASS" start="2024-09-28T12:36:25.503205" elapsed="0.076806"/>
</kw>
<doc>This keyword is executed before any test cases in the suite.
It opens the browser to the specified url and maximizes the window.</doc>
<status status="PASS" start="2024-09-28T12:36:21.470762" elapsed="4.112871"/>
</kw>
<test id="s1-t1" name="Validate Slider After Default Value" line="20">
<kw name="After Slider Default Value" owner="csp_keywords">
<kw name="Get WebElement" owner="SeleniumLibrary">
<msg time="2024-09-28T12:36:25.694690" level="INFO">${slider_xpath} = &lt;selenium.webdriver.remote.webelement.WebElement (session="6c726b3fd2ca7dc21eaa40c3869751e0", element="f.BBFC6FA0F0CE2490E8561A6D561C5FE6.d.A43769419CBDF63B46ADA152A98521F9.e.24")&gt;</msg>
<var>${slider_xpath}</var>
<arg>${slider_xpath}</arg>
<doc>Returns the first WebElement matching the given ``locator``.</doc>
<status status="PASS" start="2024-09-28T12:36:25.627950" elapsed="0.066740"/>
</kw>
<kw name="Drag And Drop By Offset" owner="SeleniumLibrary">
<arg>${slider_xpath}</arg>
<arg>-350</arg>
<arg>0</arg>
<doc>Drags the element identified with ``locator`` by ``xoffset/yoffset``.</doc>
<status status="PASS" start="2024-09-28T12:36:25.694690" elapsed="0.710221"/>
</kw>
<kw name="Get WebElement" owner="SeleniumLibrary">
<msg time="2024-09-28T12:36:26.436825" level="INFO">${slider_value_xpath} = &lt;selenium.webdriver.remote.webelement.WebElement (session="6c726b3fd2ca7dc21eaa40c3869751e0", element="f.BBFC6FA0F0CE2490E8561A6D561C5FE6.d.A43769419CBDF63B46ADA152A98521F9.e.31")&gt;</msg>
<var>${slider_value_xpath}</var>
<arg>${slider_value_xpath}</arg>
<doc>Returns the first WebElement matching the given ``locator``.</doc>
<status status="PASS" start="2024-09-28T12:36:26.405908" elapsed="0.030917"/>
</kw>
<kw name="Element Text Should Be" owner="SeleniumLibrary">
<msg time="2024-09-28T12:36:26.437823" level="INFO">Verifying element '&lt;selenium.webdriver.remote.webelement.WebElement (session="6c726b3fd2ca7dc21eaa40c3869751e0", element="f.BBFC6FA0F0CE2490E8561A6D561C5FE6.d.A43769419CBDF63B46ADA152A98521F9.e.31")&gt;' contains exact text '25'.</msg>
<arg>${slider_value_xpath}</arg>
<arg>${slider_default_value}</arg>
<doc>Verifies that element ``locator`` contains exact the text ``expected``.</doc>
<status status="PASS" start="2024-09-28T12:36:26.437823" elapsed="0.033475"/>
</kw>
<doc>After pefforming the slider action, validate the default value.</doc>
<status status="PASS" start="2024-09-28T12:36:25.626872" elapsed="0.844426"/>
</kw>
<doc>Validating the slider after default value.</doc>
<tag>Regression</tag>
<status status="PASS" start="2024-09-28T12:36:25.584040" elapsed="0.888254"/>
</test>
<kw name="Suite Teardown Section" owner="csp_keywords" type="TEARDOWN">
<kw name="Close Browser" owner="SeleniumLibrary">
<doc>Closes the current browser.</doc>
<status status="PASS" start="2024-09-28T12:36:26.474289" elapsed="2.387150"/>
</kw>
<doc>This keyword is executed after all test cases in the suite.
It closes the browser.</doc>
<status status="PASS" start="2024-09-28T12:36:26.474289" elapsed="2.387912"/>
</kw>
<status status="PASS" start="2024-09-28T12:36:21.026703" elapsed="7.835498"/>
</suite>
<statistics>
<total>
<stat pass="1" fail="0" skip="0">All Tests</stat>
</total>
<tag>
<stat pass="1" fail="0" skip="0">Regression</stat>
</tag>
<suite>
<stat pass="1" fail="0" skip="0" id="s1" name="Csp Regression">Csp Regression</stat>
</suite>
</statistics>
<errors>
</errors>
</robot>
